<?xml version="1.0" encoding="UTF-8"?>
<!-- Generated by org.testng.reporters.JUnitXMLReporter -->
<testsuite ignored="2" hostname="LAPTOP-41VI2DO3" failures="0" tests="1" name="Default test" time="5.722" errors="0" timestamp="14 Sep 2021 02:36:47 GMT">
  <testcase classname="com.qa.maestroqa.test.NegativeTests" name="supportAgentTextBoxLeftBlankTest" time="0.766"/>
  <testcase classname="com.qa.maestroqa.test.NegativeTests" name="qaGradersIsLeftBlankTest" time="0.0">
    <ignored/>
  </testcase> <!-- qaGradersIsLeftBlankTest -->
  <testcase classname="com.qa.maestroqa.test.NegativeTests" name="cxTeamSizeIsLeftBlankTest" time="0.0">
    <ignored/>
  </testcase> <!-- cxTeamSizeIsLeftBlankTest -->
</testsuite> <!-- Default test -->
