<?xml version="1.0" encoding="UTF-8"?>
<!-- Generated by org.testng.reporters.JUnitXMLReporter -->
<testsuite ignored="0" hostname="LAPTOP-41VI2DO3" failures="0" tests="3" name="Negative Test " time="13.141" errors="0" timestamp="14 Sep 2021 03:27:15 GMT">
  <testcase classname="com.qa.maestroqa.test.NegativeTests" name="cxTeamSizeIsLeftBlankTest" time="0.656"/>
  <testcase classname="com.qa.maestroqa.test.NegativeTests" name="qaGradersIsLeftBlankTest" time="0.613"/>
  <testcase classname="com.qa.maestroqa.test.NegativeTests" name="supportAgentTextBoxLeftBlankTest" time="0.635"/>
</testsuite> <!-- Negative Test  -->
